2021-06-20 09:52:32.124  INFO 5060 --- [restartedMain] com.ex.CloudByLearnApplication           : Starting CloudByLearnApplication using Java 1.8.0_291 on DESKTOP-BJUIAVU with PID 5060 (D:\JetBrains\java\CloudByLearn\target\classes started by Exception in D:\JetBrains\java\CloudByLearn)
2021-06-20 09:52:32.131  INFO 5060 --- [restartedMain] com.ex.CloudByLearnApplication           : No active profile set, falling back to default profiles: default
2021-06-20 09:52:32.225  INFO 5060 --- [restartedMain] o.s.b.devtools.restart.ChangeableUrls    : The Class-Path manifest attribute in D:\learnByYC\Java\MavenRepository\com\sun\xml\bind\jaxb-impl\2.2.3-1\jaxb-impl-2.2.3-1.jar referenced one or more files that do not exist: file:/D:/learnByYC/Java/MavenRepository/com/sun/xml/bind/jaxb-impl/2.2.3-1/jaxb-api.jar,file:/D:/learnByYC/Java/MavenRepository/com/sun/xml/bind/jaxb-impl/2.2.3-1/activation.jar,file:/D:/learnByYC/Java/MavenRepository/com/sun/xml/bind/jaxb-impl/2.2.3-1/jsr173_1.0_api.jar,file:/D:/learnByYC/Java/MavenRepository/com/sun/xml/bind/jaxb-impl/2.2.3-1/jaxb1-impl.jar
2021-06-20 09:52:32.225  INFO 5060 --- [restartedMain] .e.DevToolsPropertyDefaultsPostProcessor : Devtools property defaults active! Set 'spring.devtools.add-properties' to 'false' to disable
2021-06-20 09:52:32.225  INFO 5060 --- [restartedMain] .e.DevToolsPropertyDefaultsPostProcessor : For additional web related logging consider setting the 'logging.level.web' property to 'DEBUG'
2021-06-20 09:52:32.304  WARN 5060 --- [background-preinit] o.s.h.c.j.Jackson2ObjectMapperBuilder    : For Jackson Kotlin classes support please add "com.fasterxml.jackson.module:jackson-module-kotlin" to the classpath
2021-06-20 09:52:33.634  INFO 5060 --- [restartedMain] .s.d.r.c.RepositoryConfigurationDelegate : Bootstrapping Spring Data JPA repositories in DEFAULT mode.
2021-06-20 09:52:33.718  INFO 5060 --- [restartedMain] .s.d.r.c.RepositoryConfigurationDelegate : Finished Spring Data repository scanning in 72 ms. Found 1 JPA repository interfaces.
2021-06-20 09:52:36.068  INFO 5060 --- [restartedMain] o.s.b.w.embedded.tomcat.TomcatWebServer  : Tomcat initialized with port(s): 80 (http)
2021-06-20 09:52:36.079  INFO 5060 --- [restartedMain] o.apache.catalina.core.StandardService   : Starting service [Tomcat]
2021-06-20 09:52:36.082  INFO 5060 --- [restartedMain] org.apache.catalina.core.StandardEngine  : Starting Servlet engine: [Apache Tomcat/9.0.46]
2021-06-20 09:52:36.270  INFO 5060 --- [restartedMain] o.a.c.c.C.[Tomcat].[localhost].[/cloud]  : Initializing Spring embedded WebApplicationContext
2021-06-20 09:52:36.270  INFO 5060 --- [restartedMain] w.s.c.ServletWebServerApplicationContext : Root WebApplicationContext: initialization completed in 4042 ms
2021-06-20 09:52:36.596  INFO 5060 --- [restartedMain] com.zaxxer.hikari.HikariDataSource       : HikariPool-1 - Starting...
2021-06-20 09:52:48.540  INFO 5060 --- [restartedMain] com.zaxxer.hikari.HikariDataSource       : HikariPool-1 - Start completed.
2021-06-20 09:52:48.687  INFO 5060 --- [restartedMain] o.hibernate.jpa.internal.util.LogHelper  : HHH000204: Processing PersistenceUnitInfo [name: default]
2021-06-20 09:52:48.831  INFO 5060 --- [restartedMain] org.hibernate.Version                    : HHH000412: Hibernate ORM core version 5.4.31.Final
2021-06-20 09:52:49.174  INFO 5060 --- [restartedMain] o.hibernate.annotations.common.Version   : HCANN000001: Hibernate Commons Annotations {5.1.2.Final}
2021-06-20 09:52:49.315  INFO 5060 --- [restartedMain] org.hibernate.dialect.Dialect            : HHH000400: Using dialect: org.hibernate.dialect.MySQL57Dialect
2021-06-20 09:52:50.341  INFO 5060 --- [restartedMain] o.h.e.t.j.p.i.JtaPlatformInitiator       : HHH000490: Using JtaPlatform implementation: [org.hibernate.engine.transaction.jta.platform.internal.NoJtaPlatform]
2021-06-20 09:52:50.362  INFO 5060 --- [restartedMain] j.LocalContainerEntityManagerFactoryBean : Initialized JPA EntityManagerFactory for persistence unit 'default'
2021-06-20 09:52:50.588  WARN 5060 --- [restartedMain] JpaBaseConfiguration$JpaWebConfiguration : spring.jpa.open-in-view is enabled by default. Therefore, database queries may be performed during view rendering. Explicitly configure spring.jpa.open-in-view to disable this warning
2021-06-20 09:52:51.296  INFO 5060 --- [restartedMain] o.s.s.web.DefaultSecurityFilterChain     : Will secure Ant [pattern='/css/**'] with []
2021-06-20 09:52:51.296  INFO 5060 --- [restartedMain] o.s.s.web.DefaultSecurityFilterChain     : Will secure Ant [pattern='/js/**'] with []
2021-06-20 09:52:51.296  INFO 5060 --- [restartedMain] o.s.s.web.DefaultSecurityFilterChain     : Will secure Ant [pattern='/pics/**'] with []
2021-06-20 09:52:51.296  INFO 5060 --- [restartedMain] o.s.s.web.DefaultSecurityFilterChain     : Will secure Ant [pattern='/assets/**'] with []
2021-06-20 09:52:51.329  INFO 5060 --- [restartedMain] o.s.s.web.DefaultSecurityFilterChain     : Will secure any request with [org.springframework.security.web.context.request.async.WebAsyncManagerIntegrationFilter@684ed3af, org.springframework.security.web.context.SecurityContextPersistenceFilter@2a1f4358, org.springframework.security.web.header.HeaderWriterFilter@86403b0, org.springframework.security.web.authentication.logout.LogoutFilter@ff2d59f, com.ex.filter.ValidateCodeFilter@5ec1998e, org.springframework.security.web.authentication.UsernamePasswordAuthenticationFilter@28434d50, org.springframework.security.web.authentication.www.BasicAuthenticationFilter@27ec807c, org.springframework.security.web.savedrequest.RequestCacheAwareFilter@38e3dd16, org.springframework.security.web.servletapi.SecurityContextHolderAwareRequestFilter@6cdabb0c, org.springframework.security.web.authentication.AnonymousAuthenticationFilter@36672dc7, org.springframework.security.web.session.SessionManagementFilter@23556eff, org.springframework.security.web.access.ExceptionTranslationFilter@18e62b73, org.springframework.security.web.access.intercept.FilterSecurityInterceptor@64bd7708]
2021-06-20 09:52:51.785  INFO 5060 --- [restartedMain] o.s.b.d.a.OptionalLiveReloadServer       : LiveReload server is running on port 35729
2021-06-20 09:52:51.839  INFO 5060 --- [restartedMain] o.s.b.w.embedded.tomcat.TomcatWebServer  : Tomcat started on port(s): 80 (http) with context path '/cloud'
2021-06-20 09:52:51.854  INFO 5060 --- [restartedMain] com.ex.CloudByLearnApplication           : Started CloudByLearnApplication in 20.34 seconds (JVM running for 22.623)
2021-06-20 09:52:51.857  INFO 5060 --- [restartedMain] o.s.b.a.ApplicationAvailabilityBean      : Application availability state LivenessState changed to CORRECT
2021-06-20 09:52:51.857  INFO 5060 --- [restartedMain] o.s.b.a.ApplicationAvailabilityBean      : Application availability state ReadinessState changed to ACCEPTING_TRAFFIC
